1584841815830	mozrunner::runner	INFO	Running command: "/usr/bin/firefox" "-marionette" "-headless" "-foreground" "-no-remote" "-profile" "/tmp/rust_mozprofileEGcDJ5"
*** You are running in headless mode.
1584841816153	addons.webextension.doh-rollout@mozilla.org	WARN	Loading extension 'doh-rollout@mozilla.org': Reading manifest: Invalid extension permission: networkStatus
1584841816570	addons.webextension.screenshots@mozilla.org	WARN	Loading extension 'screenshots@mozilla.org': Reading manifest: Invalid extension permission: mozillaAddons
1584841816571	addons.webextension.screenshots@mozilla.org	WARN	Loading extension 'screenshots@mozilla.org': Reading manifest: Invalid extension permission: telemetry
1584841816571	addons.webextension.screenshots@mozilla.org	WARN	Loading extension 'screenshots@mozilla.org': Reading manifest: Invalid extension permission: resource://pdf.js/
1584841816571	addons.webextension.screenshots@mozilla.org	WARN	Loading extension 'screenshots@mozilla.org': Reading manifest: Invalid extension permission: about:reader*
1584841818897	Marionette	INFO	Listening on port 41501
1584841818940	Marionette	WARN	TLS certificate errors will be ignored for this session
JavaScript warning: https://duckduckgo.com/d2765.js, line 1: unreachable code after return statement
JavaScript warning: https://duckduckgo.com/d2765.js, line 1: unreachable code after return statement
JavaScript warning: https://duckduckgo.com/d2765.js, line 1: unreachable code after return statement
JavaScript warning: https://duckduckgo.com/d2765.js, line 1: unreachable code after return statement
JavaScript warning: https://duckduckgo.com/d2765.js, line 1: unreachable code after return statement
JavaScript warning: https://duckduckgo.com/d2765.js, line 1: unreachable code after return statement
JavaScript warning: https://duckduckgo.com/d2765.js, line 1: unreachable code after return statement
1584842087707	Marionette	INFO	Stopped listening on port 41501
console.error: services.settings: 
  Message: TypeError: NetworkError when attempting to fetch resource.
  Stack:
    [13]</timedFetch/<@resource://services-common/kinto-http-client.js:2899:12
timedFetch@resource://services-common/kinto-http-client.js:2869:12
request@resource://services-common/kinto-http-client.js:2980:33
execute@resource://services-common/kinto-http-client.js:813:36
getData@resource://services-common/kinto-http-client.js:2065:27
pullMetadata@resource://services-common/kinto-offline-client.js:2883:35
sync@resource://services-common/kinto-offline-client.js:2745:18
maybeSync@resource://services-settings/RemoteSettingsClient.jsm:518:46


###!!! [Parent][DispatchAsyncMessage] Error: PBackgroundIDBFactory::Msg_PBackgroundIDBFactoryRequestConstructor Value error: message was deserialized, but contained an illegal value

